
================================================================
======== txAdmin Starting - 22/06/2022, 14:31:36                
================================================================
[14:34:00] txAdmin: Logger started
[14:34:13] txAdmin: Logger started
[14:37:35] [QgCrD#1] Alpha06: joined with identifiers [license:8e2b99a77b486c5a741fed93c7516027aa8f2714; xbl:2535425170537352; live:914802160733464; discord:236989888891715584; license2:e7b7b55dd039986239393872d844348bb10b1b3e]
[14:42:37] [QgCrD#1] Alpha06: disconnected (Exiting)
[14:42:54] txAdmin: Logger started
[14:47:20] [BHjmg#1] Alpha06: joined with identifiers [license:8e2b99a77b486c5a741fed93c7516027aa8f2714; xbl:2535425170537352; live:914802160733464; discord:236989888891715584; license2:e7b7b55dd039986239393872d844348bb10b1b3e]
[14:52:15] [BHjmg#1] Alpha06: disconnected (Exiting)
[14:52:28] txAdmin: Logger started
[14:52:55] [Ghc6d#1] Alpha06: joined with identifiers [license:8e2b99a77b486c5a741fed93c7516027aa8f2714; xbl:2535425170537352; live:914802160733464; discord:236989888891715584; license2:e7b7b55dd039986239393872d844348bb10b1b3e]
[15:03:00] [Ghc6d#1] Alpha06: disconnected (Exiting)
[15:03:53] txAdmin: Logger started
[15:04:31] [hA9c7#1] Alpha06: joined with identifiers [license:8e2b99a77b486c5a741fed93c7516027aa8f2714; xbl:2535425170537352; live:914802160733464; discord:236989888891715584; license2:e7b7b55dd039986239393872d844348bb10b1b3e]
[15:17:03] [hA9c7#1] Alpha06: disconnected (Exiting)
[15:17:18] txAdmin: Logger started
[15:44:12] [FM7MD#1] Alpha06: joined with identifiers [license:8e2b99a77b486c5a741fed93c7516027aa8f2714; xbl:2535425170537352; live:914802160733464; discord:236989888891715584; license2:e7b7b55dd039986239393872d844348bb10b1b3e]
[17:06:55] [FM7MD#1] Alpha06: said "/stopesx_boat"
[17:10:08] [FM7MD#1] Alpha06: disconnected (Exiting)
[17:10:33] txAdmin: Logger started
[17:12:22] [kj8PE#1] Alpha06: joined with identifiers [license:8e2b99a77b486c5a741fed93c7516027aa8f2714; xbl:2535425170537352; live:914802160733464; discord:236989888891715584; license2:e7b7b55dd039986239393872d844348bb10b1b3e]
[17:47:43] [kj8PE#1] Alpha06: said "/quitquit"
[17:47:44] [kj8PE#1] Alpha06: disconnected (Exiting)
[17:48:33] txAdmin: Logger started
[17:50:39] [wfr6K#1] Alpha06: joined with identifiers [license:8e2b99a77b486c5a741fed93c7516027aa8f2714; xbl:2535425170537352; live:914802160733464; discord:236989888891715584; license2:e7b7b55dd039986239393872d844348bb10b1b3e]
[17:51:26] [wfr6K#1] Alpha06: disconnected (Le jeu a cessé de fonctionner : GTA5_b2545.exe!sub_14091F868 (0x33))
[17:52:30] txAdmin: Logger started
[17:53:09] [DqWxx#1] Alpha06: joined with identifiers [license:8e2b99a77b486c5a741fed93c7516027aa8f2714; xbl:2535425170537352; live:914802160733464; discord:236989888891715584; license2:e7b7b55dd039986239393872d844348bb10b1b3e]
[17:55:14] [DqWxx#1] Alpha06: disconnected (Exiting)
[17:57:36] [DqWxx#2] Alpha06: joined with identifiers [license:8e2b99a77b486c5a741fed93c7516027aa8f2714; xbl:2535425170537352; live:914802160733464; discord:236989888891715584; license2:e7b7b55dd039986239393872d844348bb10b1b3e]
[18:58:18] [DqWxx#2] Alpha06: died from suicide (Falling)
[18:59:20] [DqWxx#2] Alpha06: died from suicide (Falling)
[19:13:21] [DqWxx#2] Alpha06: disconnected (Exiting)
